[debug] [2021-11-30T01:40:09.613Z] ----------------------------------------------------------------------
[debug] [2021-11-30T01:40:09.615Z] Command:       C:\Program Files\nodejs\node.exe C:\Users\DELL\AppData\Roaming\npm\node_modules\firebase-tools\lib\bin\firebase.js init
[debug] [2021-11-30T01:40:09.616Z] CLI Version:   9.23.0
[debug] [2021-11-30T01:40:09.616Z] Platform:      win32
[debug] [2021-11-30T01:40:09.616Z] Node Version:  v14.18.1
[debug] [2021-11-30T01:40:09.617Z] Time:          Tue Nov 30 2021 07:40:09 GMT+0600 (Bangladesh Standard Time)
[debug] [2021-11-30T01:40:09.617Z] ----------------------------------------------------------------------
[debug] 

[debug] [2021-11-30T01:40:09.678Z] > command requires scopes: ["email","openid","https://www.googleapis.com/auth/cloudplatformprojects.readonly","https://www.googleapis.com/auth/firebase","https://www.googleapis.com/auth/cloud-platform"]
[debug] [2021-11-30T01:40:09.678Z] > authorizing via signed-in user (gmshakilcse@gmail.com)
[info] 
     ######## #### ########  ######## ########     ###     ######  ########
     ##        ##  ##     ## ##       ##     ##  ##   ##  ##       ##
     ######    ##  ########  ######   ########  #########  ######  ######
     ##        ##  ##    ##  ##       ##     ## ##     ##       ## ##
     ##       #### ##     ## ######## ########  ##     ##  ######  ########

You're about to initialize a Firebase project in this directory:

  F:\project\13-scic\mostafa-react-portfolio

Before we get started, keep in mind:

  * You are initializing within an existing Firebase project directory

[info] 
=== Project Setup
[info] 
[info] First, let's associate this project directory with a Firebase project.
[info] You can create multiple project aliases by running firebase use --add, 
[info] but for now we'll just set up a default project.
[info] 
[info] i  .firebaserc already has a default project, using mostafa-portfolio. 
[debug] [2021-11-30T01:40:20.776Z] >>> [apiv2][query] GET https://firebase.googleapis.com/v1beta1/projects/mostafa-portfolio [none]
[debug] [2021-11-30T01:40:21.575Z] <<< [apiv2][status] GET https://firebase.googleapis.com/v1beta1/projects/mostafa-portfolio 403
[debug] [2021-11-30T01:40:21.576Z] <<< [apiv2][body] GET https://firebase.googleapis.com/v1beta1/projects/mostafa-portfolio {"error":{"code":403,"message":"The caller does not have permission","status":"PERMISSION_DENIED"}}
[debug] [2021-11-30T01:40:21.577Z] HTTP Error: 403, The caller does not have permission
[debug] [2021-11-30T01:40:21.831Z] FirebaseError: HTTP Error: 403, The caller does not have permission
    at module.exports (C:\Users\DELL\AppData\Roaming\npm\node_modules\firebase-tools\lib\responseToError.js:38:12)
    at Client.doRequest (C:\Users\DELL\AppData\Roaming\npm\node_modules\firebase-tools\lib\apiv2.js:241:23)
    at processTicksAndRejections (internal/process/task_queues.js:95:5)
    at async Client.request (C:\Users\DELL\AppData\Roaming\npm\node_modules\firebase-tools\lib\apiv2.js:96:20)
    at async Object.getFirebaseProject (C:\Users\DELL\AppData\Roaming\npm\node_modules\firebase-tools\lib\management\projects.js:290:21)
    at async Object.doSetup [as project] (C:\Users\DELL\AppData\Roaming\npm\node_modules\firebase-tools\lib\init\features\project.js:77:27)
    at async init (C:\Users\DELL\AppData\Roaming\npm\node_modules\firebase-tools\lib\init\index.js:19:9)
[error] 
[error] Error: Failed to get Firebase project mostafa-portfolio. Please make sure the project exists and your account has permission to access it.
[debug] [2021-11-30T01:40:51.869Z] ----------------------------------------------------------------------
[debug] [2021-11-30T01:40:51.871Z] Command:       C:\Program Files\nodejs\node.exe C:\Users\DELL\AppData\Roaming\npm\node_modules\firebase-tools\lib\bin\firebase.js init
[debug] [2021-11-30T01:40:51.872Z] CLI Version:   9.23.0
[debug] [2021-11-30T01:40:51.872Z] Platform:      win32
[debug] [2021-11-30T01:40:51.872Z] Node Version:  v14.18.1
[debug] [2021-11-30T01:40:51.873Z] Time:          Tue Nov 30 2021 07:40:51 GMT+0600 (Bangladesh Standard Time)
[debug] [2021-11-30T01:40:51.873Z] ----------------------------------------------------------------------
[debug] 
[debug] [2021-11-30T01:40:51.935Z] > command requires scopes: ["email","openid","https://www.googleapis.com/auth/cloudplatformprojects.readonly","https://www.googleapis.com/auth/firebase","https://www.googleapis.com/auth/cloud-platform"]
[debug] [2021-11-30T01:40:51.936Z] > authorizing via signed-in user (gmshakilcse@gmail.com)
[info] 
     ######## #### ########  ######## ########     ###     ######  ########
     ##        ##  ##     ## ##       ##     ##  ##   ##  ##       ##
     ######    ##  ########  ######   ########  #########  ######  ######
     ##        ##  ##    ##  ##       ##     ## ##     ##       ## ##
     ##       #### ##     ## ######## ########  ##     ##  ######  ########

You're about to initialize a Firebase project in this directory:

  F:\project\13-scic\mostafa-react-portfolio

Before we get started, keep in mind:

  * You are initializing within an existing Firebase project directory

[info] 
=== Project Setup
[info] 
[info] First, let's associate this project directory with a Firebase project.
[info] You can create multiple project aliases by running firebase use --add, 
[info] but for now we'll just set up a default project.
[info] 
[info] i  .firebaserc already has a default project, using mostafa-portfolio. 
[debug] [2021-11-30T01:41:24.906Z] >>> [apiv2][query] GET https://firebase.googleapis.com/v1beta1/projects/mostafa-portfolio [none]
[debug] [2021-11-30T01:41:25.654Z] <<< [apiv2][status] GET https://firebase.googleapis.com/v1beta1/projects/mostafa-portfolio 403
[debug] [2021-11-30T01:41:25.654Z] <<< [apiv2][body] GET https://firebase.googleapis.com/v1beta1/projects/mostafa-portfolio {"error":{"code":403,"message":"The caller does not have permission","status":"PERMISSION_DENIED"}}
[debug] [2021-11-30T01:41:25.655Z] HTTP Error: 403, The caller does not have permission
[debug] [2021-11-30T01:41:25.919Z] FirebaseError: HTTP Error: 403, The caller does not have permission
    at module.exports (C:\Users\DELL\AppData\Roaming\npm\node_modules\firebase-tools\lib\responseToError.js:38:12)
    at Client.doRequest (C:\Users\DELL\AppData\Roaming\npm\node_modules\firebase-tools\lib\apiv2.js:241:23)
    at processTicksAndRejections (internal/process/task_queues.js:95:5)
    at async Client.request (C:\Users\DELL\AppData\Roaming\npm\node_modules\firebase-tools\lib\apiv2.js:96:20)
    at async Object.getFirebaseProject (C:\Users\DELL\AppData\Roaming\npm\node_modules\firebase-tools\lib\management\projects.js:290:21)
    at async Object.doSetup [as project] (C:\Users\DELL\AppData\Roaming\npm\node_modules\firebase-tools\lib\init\features\project.js:77:27)
    at async init (C:\Users\DELL\AppData\Roaming\npm\node_modules\firebase-tools\lib\init\index.js:19:9)
[error] 
[error] Error: Failed to get Firebase project mostafa-portfolio. Please make sure the project exists and your account has permission to access it.
[debug] [2021-11-30T01:42:04.940Z] ----------------------------------------------------------------------
[debug] [2021-11-30T01:42:04.943Z] Command:       C:\Program Files\nodejs\node.exe C:\Users\DELL\AppData\Roaming\npm\node_modules\firebase-tools\lib\bin\firebase.js deploy
[debug] [2021-11-30T01:42:04.943Z] CLI Version:   9.23.0
[debug] [2021-11-30T01:42:04.943Z] Platform:      win32
[debug] [2021-11-30T01:42:04.943Z] Node Version:  v14.18.1
[debug] [2021-11-30T01:42:04.944Z] Time:          Tue Nov 30 2021 07:42:04 GMT+0600 (Bangladesh Standard Time)
[debug] [2021-11-30T01:42:04.944Z] ----------------------------------------------------------------------
[debug] 
[debug] [2021-11-30T01:42:05.008Z] > command requires scopes: ["email","openid","https://www.googleapis.com/auth/cloudplatformprojects.readonly","https://www.googleapis.com/auth/firebase","https://www.googleapis.com/auth/cloud-platform"]
[debug] [2021-11-30T01:42:05.008Z] > authorizing via signed-in user (gmshakilcse@gmail.com)
[debug] [2021-11-30T01:42:05.008Z] [iam] checking project mostafa-portfolio for permissions ["firebase.projects.get","firebasehosting.sites.update"]
[debug] [2021-11-30T01:42:05.010Z] > refreshing access token with scopes: ["email","https://www.googleapis.com/auth/cloud-platform","https://www.googleapis.com/auth/cloudplatformprojects.readonly","https://www.googleapis.com/auth/firebase","openid"]
[debug] [2021-11-30T01:42:05.011Z] >>> HTTP REQUEST POST https://www.googleapis.com/oauth2/v3/token  
 <request body omitted>
[debug] [2021-11-30T01:42:15.322Z] <<< HTTP RESPONSE 200 {"pragma":"no-cache","cache-control":"no-cache, no-store, max-age=0, must-revalidate","date":"Tue, 30 Nov 2021 01:42:14 GMT","expires":"Mon, 01 Jan 1990 00:00:00 GMT","content-type":"application/json; charset=utf-8","vary":"X-Origin, Referer, Origin,Accept-Encoding","server":"scaffolding on HTTPServer2","x-xss-protection":"0","x-frame-options":"SAMEORIGIN","x-content-type-options":"nosniff","alt-svc":"h3=\":443\"; ma=2592000,h3-29=\":443\"; ma=2592000,h3-Q050=\":443\"; ma=2592000,h3-Q046=\":443\"; ma=2592000,h3-Q043=\":443\"; ma=2592000,quic=\":443\"; ma=2592000; v=\"46,43\"","accept-ranges":"none","transfer-encoding":"chunked"}
[debug] [2021-11-30T01:42:15.388Z] >>> HTTP REQUEST POST https://cloudresourcemanager.googleapis.com/v1/projects/mostafa-portfolio:testIamPermissions  
 {"permissions":["firebase.projects.get","firebasehosting.sites.update"]}
[debug] [2021-11-30T01:42:17.131Z] <<< HTTP RESPONSE 200 {"content-type":"application/json; charset=UTF-8","vary":"X-Origin, Referer, Origin,Accept-Encoding","date":"Tue, 30 Nov 2021 01:42:16 GMT","server":"ESF","cache-control":"private","x-xss-protection":"0","x-frame-options":"SAMEORIGIN","x-content-type-options":"nosniff","server-timing":"gfet4t7; dur=1406","alt-svc":"h3=\":443\"; ma=2592000,h3-29=\":443\"; ma=2592000,h3-Q050=\":443\"; ma=2592000,h3-Q046=\":443\"; ma=2592000,h3-Q043=\":443\"; ma=2592000,quic=\":443\"; ma=2592000; v=\"46,43\"","accept-ranges":"none","transfer-encoding":"chunked"}
[debug] [2021-11-30T01:42:17.136Z] [iam] error while checking permissions, command may fail: FirebaseError: Authorization failed. This account is missing the following required permissions on project mostafa-portfolio:

  firebase.projects.get
  firebasehosting.sites.update
[debug] [2021-11-30T01:42:17.142Z] > refreshing access token with scopes: []
[debug] [2021-11-30T01:42:17.143Z] >>> HTTP REQUEST POST https://www.googleapis.com/oauth2/v3/token  
 <request body omitted>
[debug] [2021-11-30T01:42:17.377Z] <<< HTTP RESPONSE 200 {"cache-control":"no-cache, no-store, max-age=0, must-revalidate","date":"Tue, 30 Nov 2021 01:42:16 GMT","pragma":"no-cache","expires":"Mon, 01 Jan 1990 00:00:00 GMT","content-type":"application/json; charset=utf-8","vary":"X-Origin, Referer, Origin,Accept-Encoding","server":"scaffolding on HTTPServer2","x-xss-protection":"0","x-frame-options":"SAMEORIGIN","x-content-type-options":"nosniff","alt-svc":"h3=\":443\"; ma=2592000,h3-29=\":443\"; ma=2592000,h3-Q050=\":443\"; ma=2592000,h3-Q046=\":443\"; ma=2592000,h3-Q043=\":443\"; ma=2592000,quic=\":443\"; ma=2592000; v=\"46,43\"","accept-ranges":"none","transfer-encoding":"chunked"}
[debug] [2021-11-30T01:42:17.430Z] >>> [apiv2][query] GET https://firebase.googleapis.com/v1beta1/projects/mostafa-portfolio [none]
[debug] [2021-11-30T01:42:18.105Z] <<< [apiv2][status] GET https://firebase.googleapis.com/v1beta1/projects/mostafa-portfolio 403
[debug] [2021-11-30T01:42:18.107Z] <<< [apiv2][body] GET https://firebase.googleapis.com/v1beta1/projects/mostafa-portfolio {"error":{"code":403,"message":"The caller does not have permission","status":"PERMISSION_DENIED"}}
[debug] [2021-11-30T01:42:18.109Z] HTTP Error: 403, The caller does not have permission
[debug] [2021-11-30T01:42:18.355Z] FirebaseError: HTTP Error: 403, The caller does not have permission
    at module.exports (C:\Users\DELL\AppData\Roaming\npm\node_modules\firebase-tools\lib\responseToError.js:38:12)
    at Client.doRequest (C:\Users\DELL\AppData\Roaming\npm\node_modules\firebase-tools\lib\apiv2.js:241:23)
    at processTicksAndRejections (internal/process/task_queues.js:95:5)
    at async Client.request (C:\Users\DELL\AppData\Roaming\npm\node_modules\firebase-tools\lib\apiv2.js:96:20)
    at async Object.getFirebaseProject (C:\Users\DELL\AppData\Roaming\npm\node_modules\firebase-tools\lib\management\projects.js:290:21)
    at async Object.getDefaultHostingSite (C:\Users\DELL\AppData\Roaming\npm\node_modules\firebase-tools\lib\getDefaultHostingSite.js:8:21)
    at async requireHostingSite (C:\Users\DELL\AppData\Roaming\npm\node_modules\firebase-tools\lib\requireHostingSite.js:9:18)
    at async Object.fn (C:\Users\DELL\AppData\Roaming\npm\node_modules\firebase-tools\lib\commands\deploy.js:73:9)
    at async C:\Users\DELL\AppData\Roaming\npm\node_modules\firebase-tools\lib\command.js:188:17
[error] 
[error] Error: Failed to get Firebase project mostafa-portfolio. Please make sure the project exists and your account has permission to access it.
